app/build/intermediates/manifest_merge_blame_file/debug/processDebugMainManifest/manifest-merger-blame-debug-report.txt
1<?xml version="1.0" encoding="utf-8"?>
2<manifest xmlns:android="http://schemas.android.com/apk/res/android"
3    package="com.magics.slot"
4    android:versionCode="1"
5    android:versionName="1.0" >
6
7    <uses-sdk
8        android:minSdkVersion="26"
9        android:targetSdkVersion="35" />
10
11    <uses-permission android:name="android.permission.VIBRATE" />
11-->src\main\AndroidManifest.xml:4:5-66
11-->src\main\AndroidManifest.xml:4:22-63
12    <uses-permission android:name="android.permission.MODIFY_AUDIO_SETTINGS" />
12-->src\main\AndroidManifest.xml:5:5-80
12-->src\main\AndroidManifest.xml:5:22-77
13
14    <uses-feature
14-->src\main\AndroidManifest.xml:6:5-78
15        android:glEsVersion="0x00030002"
15-->src\main\AndroidManifest.xml:6:19-51
16        android:required="true" />
16-->src\main\AndroidManifest.xml:6:52-75
17
18    <permission
18-->[androidx.core:core:1.15.0] AndroidManifest.xml:22:5-24:47
19        android:name="com.magics.slot.DYNAMIC_RECEIVER_NOT_EXPORTED_PERMISSION"
19-->[androidx.core:core:1.15.0] AndroidManifest.xml:23:9-81
20        android:protectionLevel="signature" />
20-->[androidx.core:core:1.15.0] AndroidManifest.xml:24:9-44
21
22    <uses-permission android:name="com.magics.slot.DYNAMIC_RECEIVER_NOT_EXPORTED_PERMISSION" />
22-->[androidx.core:core:1.15.0] AndroidManifest.xml:26:5-97
22-->[androidx.core:core:1.15.0] AndroidManifest.xml:26:22-94
23
24    <application
24-->src\main\AndroidManifest.xml:8:5-29:19
25        android:allowBackup="true"
25-->src\main\AndroidManifest.xml:9:9-35
26        android:appComponentFactory="androidx.core.app.CoreComponentFactory"
26-->[androidx.core:core:1.15.0] AndroidManifest.xml:28:18-86
27        android:debuggable="true"
28        android:extractNativeLibs="false"
29        android:hardwareAccelerated="true"
29-->src\main\AndroidManifest.xml:15:9-43
30        android:icon="@mipmap/ic_launcher"
30-->src\main\AndroidManifest.xml:10:9-43
31        android:label="@string/app_name"
31-->src\main\AndroidManifest.xml:11:9-41
32        android:roundIcon="@mipmap/ic_launcher_round"
32-->src\main\AndroidManifest.xml:12:9-54
33        android:supportsRtl="true"
33-->src\main\AndroidManifest.xml:13:9-35
34        android:theme="@style/Theme.MagicsSlot" >
34-->src\main\AndroidManifest.xml:14:9-48
35        <activity
35-->src\main\AndroidManifest.xml:17:9-27:20
36            android:name="com.magics.slot.MainActivity"
36-->src\main\AndroidManifest.xml:18:13-41
37            android:configChanges="orientation|keyboardHidden|screenSize"
37-->src\main\AndroidManifest.xml:20:13-74
38            android:exported="true"
38-->src\main\AndroidManifest.xml:19:13-36
39            android:screenOrientation="portrait"
39-->src\main\AndroidManifest.xml:21:13-49
40            android:windowSoftInputMode="adjustResize" >
40-->src\main\AndroidManifest.xml:22:13-55
41            <intent-filter>
41-->src\main\AndroidManifest.xml:23:13-26:29
42                <action android:name="android.intent.action.MAIN" />
42-->src\main\AndroidManifest.xml:24:17-69
42-->src\main\AndroidManifest.xml:24:25-66
43
44                <category android:name="android.intent.category.LAUNCHER" />
44-->src\main\AndroidManifest.xml:25:17-77
44-->src\main\AndroidManifest.xml:25:27-74
45            </intent-filter>
46        </activity>
47
48        <provider
48-->[androidx.emoji2:emoji2:1.3.0] AndroidManifest.xml:24:9-32:20
49            android:name="androidx.startup.InitializationProvider"
49-->[androidx.emoji2:emoji2:1.3.0] AndroidManifest.xml:25:13-67
50            android:authorities="com.magics.slot.androidx-startup"
50-->[androidx.emoji2:emoji2:1.3.0] AndroidManifest.xml:26:13-68
51            android:exported="false" >
51-->[androidx.emoji2:emoji2:1.3.0] AndroidManifest.xml:27:13-37
52            <meta-data
52-->[androidx.emoji2:emoji2:1.3.0] AndroidManifest.xml:29:13-31:52
53                android:name="androidx.emoji2.text.EmojiCompatInitializer"
53-->[androidx.emoji2:emoji2:1.3.0] AndroidManifest.xml:30:17-75
54                android:value="androidx.startup" />
54-->[androidx.emoji2:emoji2:1.3.0] AndroidManifest.xml:31:17-49
55            <meta-data
55-->[androidx.lifecycle:lifecycle-process:2.8.7] AndroidManifest.xml:29:13-31:52
56                android:name="androidx.lifecycle.ProcessLifecycleInitializer"
56-->[androidx.lifecycle:lifecycle-process:2.8.7] AndroidManifest.xml:30:17-78
57                android:value="androidx.startup" />
57-->[androidx.lifecycle:lifecycle-process:2.8.7] AndroidManifest.xml:31:17-49
58            <meta-data
58-->[androidx.profileinstaller:profileinstaller:1.3.1] AndroidManifest.xml:29:13-31:52
59                android:name="androidx.profileinstaller.ProfileInstallerInitializer"
59-->[androidx.profileinstaller:profileinstaller:1.3.1] AndroidManifest.xml:30:17-85
60                android:value="androidx.startup" />
60-->[androidx.profileinstaller:profileinstaller:1.3.1] AndroidManifest.xml:31:17-49
61        </provider>
62
63        <activity
63-->[androidx.compose.ui:ui-test-manifest:1.7.6] AndroidManifest.xml:23:9-25:39
64            android:name="androidx.activity.ComponentActivity"
64-->[androidx.compose.ui:ui-test-manifest:1.7.6] AndroidManifest.xml:24:13-63
65            android:exported="true" />
65-->[androidx.compose.ui:ui-test-manifest:1.7.6] AndroidManifest.xml:25:13-36
66        <activity
66-->[androidx.compose.ui:ui-tooling-android:1.7.6] AndroidManifest.xml:23:9-25:39
67            android:name="androidx.compose.ui.tooling.PreviewActivity"
67-->[androidx.compose.ui:ui-tooling-android:1.7.6] AndroidManifest.xml:24:13-71
68            android:exported="true" />
68-->[androidx.compose.ui:ui-tooling-android:1.7.6] AndroidManifest.xml:25:13-36
69
70        <receiver
70-->[androidx.profileinstaller:profileinstaller:1.3.1] AndroidManifest.xml:34:9-52:20
71            android:name="androidx.profileinstaller.ProfileInstallReceiver"
71-->[androidx.profileinstaller:profileinstaller:1.3.1] AndroidManifest.xml:35:13-76
72            android:directBootAware="false"
72-->[androidx.profileinstaller:profileinstaller:1.3.1] AndroidManifest.xml:36:13-44
73            android:enabled="true"
73-->[androidx.profileinstaller:profileinstaller:1.3.1] AndroidManifest.xml:37:13-35
74            android:exported="true"
74-->[androidx.profileinstaller:profileinstaller:1.3.1] AndroidManifest.xml:38:13-36
75            android:permission="android.permission.DUMP" >
75-->[androidx.profileinstaller:profileinstaller:1.3.1] AndroidManifest.xml:39:13-57
76            <intent-filter>
76-->[androidx.profileinstaller:profileinstaller:1.3.1] AndroidManifest.xml:40:13-42:29
77                <action android:name="androidx.profileinstaller.action.INSTALL_PROFILE" />
77-->[androidx.profileinstaller:profileinstaller:1.3.1] AndroidManifest.xml:41:17-91
77-->[androidx.profileinstaller:profileinstaller:1.3.1] AndroidManifest.xml:41:25-88
78            </intent-filter>
79            <intent-filter>
79-->[androidx.profileinstaller:profileinstaller:1.3.1] AndroidManifest.xml:43:13-45:29
80                <action android:name="androidx.profileinstaller.action.SKIP_FILE" />
80-->[androidx.profileinstaller:profileinstaller:1.3.1] AndroidManifest.xml:44:17-85
80-->[androidx.profileinstaller:profileinstaller:1.3.1] AndroidManifest.xml:44:25-82
81            </intent-filter>
82            <intent-filter>
82-->[androidx.profileinstaller:profileinstaller:1.3.1] AndroidManifest.xml:46:13-48:29
83                <action android:name="androidx.profileinstaller.action.SAVE_PROFILE" />
83-->[androidx.profileinstaller:profileinstaller:1.3.1] AndroidManifest.xml:47:17-88
83-->[androidx.profileinstaller:profileinstaller:1.3.1] AndroidManifest.xml:47:25-85
84            </intent-filter>
85            <intent-filter>
85-->[androidx.profileinstaller:profileinstaller:1.3.1] AndroidManifest.xml:49:13-51:29
86                <action android:name="androidx.profileinstaller.action.BENCHMARK_OPERATION" />
86-->[androidx.profileinstaller:profileinstaller:1.3.1] AndroidManifest.xml:50:17-95
86-->[androidx.profileinstaller:profileinstaller:1.3.1] AndroidManifest.xml:50:25-92
87            </intent-filter>
88        </receiver>
89    </application>
90
91</manifest>